Analysis & Synthesis report for fpga_beginner_activity_4
Thu Jan  8 17:19:29 2026
Quartus Prime Version 25.1std.0 Build 1129 10/21/2025 SC Lite Edition


---------------------
; Table of Contents ;
---------------------
  1. Legal Notice
  2. Analysis & Synthesis Summary
  3. Analysis & Synthesis Settings
  4. Parallel Compilation
  5. Analysis & Synthesis Source Files Read
  6. Analysis & Synthesis Resource Usage Summary
  7. Analysis & Synthesis Resource Utilization by Entity
  8. General Register Statistics
  9. Parameter Settings for Inferred Entity Instance: lpm_divide:Mod0
 10. Parameter Settings for Inferred Entity Instance: lpm_divide:Mod1
 11. Parameter Settings for Inferred Entity Instance: lpm_divide:Div1
 12. Parameter Settings for Inferred Entity Instance: lpm_divide:Div0
 13. Post-Synthesis Netlist Statistics for Top Partition
 14. Elapsed Time Per Partition
 15. Analysis & Synthesis Messages



----------------
; Legal Notice ;
----------------
Copyright (C) 2025  Altera Corporation. All rights reserved.
Your use of Altera Corporation's design tools, logic functions 
and other software and tools, and any partner logic 
functions, and any output files from any of the foregoing 
(including device programming or simulation files), and any 
associated documentation or information are expressly subject 
to the terms and conditions of the Altera Program License 
Subscription Agreement, the Altera Quartus Prime License Agreement,
the Altera IP License Agreement, or other applicable license
agreement, including, without limitation, that your use is for
the sole purpose of programming logic devices manufactured by
Altera and sold by Altera or its authorized distributors.  Please
refer to the Altera Software License Subscription Agreements 
on the Quartus Prime software download page.



+-----------------------------------------------------------------------------------+
; Analysis & Synthesis Summary                                                      ;
+---------------------------------+-------------------------------------------------+
; Analysis & Synthesis Status     ; Successful - Thu Jan  8 17:19:29 2026           ;
; Quartus Prime Version           ; 25.1std.0 Build 1129 10/21/2025 SC Lite Edition ;
; Revision Name                   ; fpga_beginner_activity_4                        ;
; Top-level Entity Name           ; activity_4                                      ;
; Family                          ; Cyclone V                                       ;
; Logic utilization (in ALMs)     ; N/A                                             ;
; Total registers                 ; 0                                               ;
; Total pins                      ; 38                                              ;
; Total virtual pins              ; 0                                               ;
; Total block memory bits         ; 0                                               ;
; Total DSP Blocks                ; 0                                               ;
; Total HSSI RX PCSs              ; 0                                               ;
; Total HSSI PMA RX Deserializers ; 0                                               ;
; Total HSSI TX PCSs              ; 0                                               ;
; Total HSSI PMA TX Serializers   ; 0                                               ;
; Total PLLs                      ; 0                                               ;
; Total DLLs                      ; 0                                               ;
+---------------------------------+-------------------------------------------------+


+---------------------------------------------------------------------------------------------------------------------------------+
; Analysis & Synthesis Settings                                                                                                   ;
+---------------------------------------------------------------------------------+--------------------+--------------------------+
; Option                                                                          ; Setting            ; Default Value            ;
+---------------------------------------------------------------------------------+--------------------+--------------------------+
; Device                                                                          ; 5CGXFC5C6F27C7     ;                          ;
; Top-level entity name                                                           ; activity_4         ; fpga_beginner_activity_4 ;
; Family name                                                                     ; Cyclone V          ; Cyclone V                ;
; Use smart compilation                                                           ; Off                ; Off                      ;
; Enable parallel Assembler and Timing Analyzer during compilation                ; On                 ; On                       ;
; Enable compact report table                                                     ; Off                ; Off                      ;
; Restructure Multiplexers                                                        ; Auto               ; Auto                     ;
; MLAB Add Timing Constraints For Mixed-Port Feed-Through Mode Setting Don't Care ; Off                ; Off                      ;
; Create Debugging Nodes for IP Cores                                             ; Off                ; Off                      ;
; Preserve fewer node names                                                       ; On                 ; On                       ;
; Intel FPGA IP Evaluation Mode                                                   ; Enable             ; Enable                   ;
; Verilog Version                                                                 ; Verilog_2001       ; Verilog_2001             ;
; VHDL Version                                                                    ; VHDL_1993          ; VHDL_1993                ;
; State Machine Processing                                                        ; Auto               ; Auto                     ;
; Safe State Machine                                                              ; Off                ; Off                      ;
; Extract Verilog State Machines                                                  ; On                 ; On                       ;
; Extract VHDL State Machines                                                     ; On                 ; On                       ;
; Ignore Verilog initial constructs                                               ; Off                ; Off                      ;
; Iteration limit for constant Verilog loops                                      ; 5000               ; 5000                     ;
; Iteration limit for non-constant Verilog loops                                  ; 250                ; 250                      ;
; Add Pass-Through Logic to Inferred RAMs                                         ; On                 ; On                       ;
; Infer RAMs from Raw Logic                                                       ; On                 ; On                       ;
; Parallel Synthesis                                                              ; On                 ; On                       ;
; DSP Block Balancing                                                             ; Auto               ; Auto                     ;
; NOT Gate Push-Back                                                              ; On                 ; On                       ;
; Power-Up Don't Care                                                             ; On                 ; On                       ;
; Remove Redundant Logic Cells                                                    ; Off                ; Off                      ;
; Remove Duplicate Registers                                                      ; On                 ; On                       ;
; Ignore CARRY Buffers                                                            ; Off                ; Off                      ;
; Ignore CASCADE Buffers                                                          ; Off                ; Off                      ;
; Ignore GLOBAL Buffers                                                           ; Off                ; Off                      ;
; Ignore ROW GLOBAL Buffers                                                       ; Off                ; Off                      ;
; Ignore LCELL Buffers                                                            ; Off                ; Off                      ;
; Ignore SOFT Buffers                                                             ; On                 ; On                       ;
; Limit AHDL Integers to 32 Bits                                                  ; Off                ; Off                      ;
; Optimization Technique                                                          ; Balanced           ; Balanced                 ;
; Carry Chain Length                                                              ; 70                 ; 70                       ;
; Auto Carry Chains                                                               ; On                 ; On                       ;
; Auto Open-Drain Pins                                                            ; On                 ; On                       ;
; Perform WYSIWYG Primitive Resynthesis                                           ; Off                ; Off                      ;
; Auto ROM Replacement                                                            ; On                 ; On                       ;
; Auto RAM Replacement                                                            ; On                 ; On                       ;
; Auto DSP Block Replacement                                                      ; On                 ; On                       ;
; Auto Shift Register Replacement                                                 ; Auto               ; Auto                     ;
; Allow Shift Register Merging across Hierarchies                                 ; Auto               ; Auto                     ;
; Auto Clock Enable Replacement                                                   ; On                 ; On                       ;
; Strict RAM Replacement                                                          ; Off                ; Off                      ;
; Allow Synchronous Control Signals                                               ; On                 ; On                       ;
; Force Use of Synchronous Clear Signals                                          ; Off                ; Off                      ;
; Auto Resource Sharing                                                           ; Off                ; Off                      ;
; Allow Any RAM Size For Recognition                                              ; Off                ; Off                      ;
; Allow Any ROM Size For Recognition                                              ; Off                ; Off                      ;
; Allow Any Shift Register Size For Recognition                                   ; Off                ; Off                      ;
; Use LogicLock Constraints during Resource Balancing                             ; On                 ; On                       ;
; Ignore translate_off and synthesis_off directives                               ; Off                ; Off                      ;
; Timing-Driven Synthesis                                                         ; On                 ; On                       ;
; Report Parameter Settings                                                       ; On                 ; On                       ;
; Report Source Assignments                                                       ; On                 ; On                       ;
; Report Connectivity Checks                                                      ; On                 ; On                       ;
; Ignore Maximum Fan-Out Assignments                                              ; Off                ; Off                      ;
; Synchronization Register Chain Length                                           ; 3                  ; 3                        ;
; Power Optimization During Synthesis                                             ; Normal compilation ; Normal compilation       ;
; HDL message level                                                               ; Level2             ; Level2                   ;
; Suppress Register Optimization Related Messages                                 ; Off                ; Off                      ;
; Number of Removed Registers Reported in Synthesis Report                        ; 5000               ; 5000                     ;
; Number of Swept Nodes Reported in Synthesis Report                              ; 5000               ; 5000                     ;
; Number of Inverted Registers Reported in Synthesis Report                       ; 100                ; 100                      ;
; Clock MUX Protection                                                            ; On                 ; On                       ;
; Auto Gated Clock Conversion                                                     ; Off                ; Off                      ;
; Block Design Naming                                                             ; Auto               ; Auto                     ;
; SDC constraint protection                                                       ; Off                ; Off                      ;
; Synthesis Effort                                                                ; Auto               ; Auto                     ;
; Shift Register Replacement - Allow Asynchronous Clear Signal                    ; On                 ; On                       ;
; Pre-Mapping Resynthesis Optimization                                            ; Off                ; Off                      ;
; Analysis & Synthesis Message Level                                              ; Medium             ; Medium                   ;
; Disable Register Merging Across Hierarchies                                     ; Auto               ; Auto                     ;
; Resource Aware Inference For Block RAM                                          ; On                 ; On                       ;
; Automatic Parallel Synthesis                                                    ; On                 ; On                       ;
; Partial Reconfiguration Bitstream ID                                            ; Off                ; Off                      ;
+---------------------------------------------------------------------------------+--------------------+--------------------------+


+------------------------------------------+
; Parallel Compilation                     ;
+----------------------------+-------------+
; Processors                 ; Number      ;
+----------------------------+-------------+
; Number detected on machine ; 18          ;
; Maximum allowed            ; 14          ;
;                            ;             ;
; Average used               ; 1.00        ;
; Maximum used               ; 1           ;
;                            ;             ;
; Usage by Processor         ; % Time Used ;
;     Processor 1            ; 100.0%      ;
+----------------------------+-------------+


+-------------------------------------------------------------------------------------------------------------------------------------------------------------------------------------------------------------------------------------+
; Analysis & Synthesis Source Files Read                                                                                                                                                                                              ;
+----------------------------------+-----------------+------------------------------+---------------------------------------------------------------------------------------------------------------------------------------+---------+
; File Name with User-Entered Path ; Used in Netlist ; File Type                    ; File Name with Absolute Path                                                                                                          ; Library ;
+----------------------------------+-----------------+------------------------------+---------------------------------------------------------------------------------------------------------------------------------------+---------+
; activity_4.vhd                   ; yes             ; User VHDL File               ; C:/Users/bluef/Desktop/MCUFPGAWRKSP/W26-FPGA-MCU-Workshop/fpga/Introductory Workshop/FPGA Intro Activity 4/activity_4.vhd             ;         ;
; lpm_divide.tdf                   ; yes             ; Megafunction                 ; c:/altera_lite/25.1std/quartus/libraries/megafunctions/lpm_divide.tdf                                                                 ;         ;
; abs_divider.inc                  ; yes             ; Megafunction                 ; c:/altera_lite/25.1std/quartus/libraries/megafunctions/abs_divider.inc                                                                ;         ;
; sign_div_unsign.inc              ; yes             ; Megafunction                 ; c:/altera_lite/25.1std/quartus/libraries/megafunctions/sign_div_unsign.inc                                                            ;         ;
; aglobal251.inc                   ; yes             ; Megafunction                 ; c:/altera_lite/25.1std/quartus/libraries/megafunctions/aglobal251.inc                                                                 ;         ;
; db/lpm_divide_u4m.tdf            ; yes             ; Auto-Generated Megafunction  ; C:/Users/bluef/Desktop/MCUFPGAWRKSP/W26-FPGA-MCU-Workshop/fpga/Introductory Workshop/FPGA Intro Activity 4/db/lpm_divide_u4m.tdf      ;         ;
; db/sign_div_unsign_1nh.tdf       ; yes             ; Auto-Generated Megafunction  ; C:/Users/bluef/Desktop/MCUFPGAWRKSP/W26-FPGA-MCU-Workshop/fpga/Introductory Workshop/FPGA Intro Activity 4/db/sign_div_unsign_1nh.tdf ;         ;
; db/alt_u_div_82f.tdf             ; yes             ; Auto-Generated Megafunction  ; C:/Users/bluef/Desktop/MCUFPGAWRKSP/W26-FPGA-MCU-Workshop/fpga/Introductory Workshop/FPGA Intro Activity 4/db/alt_u_div_82f.tdf       ;         ;
; db/lpm_divide_ebm.tdf            ; yes             ; Auto-Generated Megafunction  ; C:/Users/bluef/Desktop/MCUFPGAWRKSP/W26-FPGA-MCU-Workshop/fpga/Introductory Workshop/FPGA Intro Activity 4/db/lpm_divide_ebm.tdf      ;         ;
; db/sign_div_unsign_klh.tdf       ; yes             ; Auto-Generated Megafunction  ; C:/Users/bluef/Desktop/MCUFPGAWRKSP/W26-FPGA-MCU-Workshop/fpga/Introductory Workshop/FPGA Intro Activity 4/db/sign_div_unsign_klh.tdf ;         ;
; db/alt_u_div_eve.tdf             ; yes             ; Auto-Generated Megafunction  ; C:/Users/bluef/Desktop/MCUFPGAWRKSP/W26-FPGA-MCU-Workshop/fpga/Introductory Workshop/FPGA Intro Activity 4/db/alt_u_div_eve.tdf       ;         ;
; db/lpm_divide_hbm.tdf            ; yes             ; Auto-Generated Megafunction  ; C:/Users/bluef/Desktop/MCUFPGAWRKSP/W26-FPGA-MCU-Workshop/fpga/Introductory Workshop/FPGA Intro Activity 4/db/lpm_divide_hbm.tdf      ;         ;
; db/sign_div_unsign_nlh.tdf       ; yes             ; Auto-Generated Megafunction  ; C:/Users/bluef/Desktop/MCUFPGAWRKSP/W26-FPGA-MCU-Workshop/fpga/Introductory Workshop/FPGA Intro Activity 4/db/sign_div_unsign_nlh.tdf ;         ;
; db/alt_u_div_kve.tdf             ; yes             ; Auto-Generated Megafunction  ; C:/Users/bluef/Desktop/MCUFPGAWRKSP/W26-FPGA-MCU-Workshop/fpga/Introductory Workshop/FPGA Intro Activity 4/db/alt_u_div_kve.tdf       ;         ;
+----------------------------------+-----------------+------------------------------+---------------------------------------------------------------------------------------------------------------------------------------+---------+


+-----------------------------------------------------------+
; Analysis & Synthesis Resource Usage Summary               ;
+---------------------------------------------+-------------+
; Resource                                    ; Usage       ;
+---------------------------------------------+-------------+
; Estimate of Logic utilization (ALMs needed) ; 192         ;
;                                             ;             ;
; Combinational ALUT usage for logic          ; 382         ;
;     -- 7 input functions                    ; 0           ;
;     -- 6 input functions                    ; 1           ;
;     -- 5 input functions                    ; 6           ;
;     -- 4 input functions                    ; 111         ;
;     -- <=3 input functions                  ; 264         ;
;                                             ;             ;
; Dedicated logic registers                   ; 0           ;
;                                             ;             ;
; I/O pins                                    ; 38          ;
;                                             ;             ;
; Total DSP Blocks                            ; 0           ;
;                                             ;             ;
; Maximum fan-out node                        ; SW[9]~input ;
; Maximum fan-out                             ; 40          ;
; Total fan-out                               ; 1261        ;
; Average fan-out                             ; 2.75        ;
+---------------------------------------------+-------------+


+----------------------------------------------------------------------------------------------------------------------------------------------------------------------------------------------------------------------------------------------------------------------------------------------------+
; Analysis & Synthesis Resource Utilization by Entity                                                                                                                                                                                                                                                ;
+----------------------------------------+---------------------+---------------------------+-------------------+------------+------+--------------+-------------------------------------------------------------------------------------------------------------+---------------------+--------------+
; Compilation Hierarchy Node             ; Combinational ALUTs ; Dedicated Logic Registers ; Block Memory Bits ; DSP Blocks ; Pins ; Virtual Pins ; Full Hierarchy Name                                                                                         ; Entity Name         ; Library Name ;
+----------------------------------------+---------------------+---------------------------+-------------------+------------+------+--------------+-------------------------------------------------------------------------------------------------------------+---------------------+--------------+
; |activity_4                            ; 382 (37)            ; 0 (0)                     ; 0                 ; 0          ; 38   ; 0            ; |activity_4                                                                                                 ; activity_4          ; work         ;
;    |lpm_divide:Div0|                   ; 61 (0)              ; 0 (0)                     ; 0                 ; 0          ; 0    ; 0            ; |activity_4|lpm_divide:Div0                                                                                 ; lpm_divide          ; work         ;
;       |lpm_divide_hbm:auto_generated|  ; 61 (0)              ; 0 (0)                     ; 0                 ; 0          ; 0    ; 0            ; |activity_4|lpm_divide:Div0|lpm_divide_hbm:auto_generated                                                   ; lpm_divide_hbm      ; work         ;
;          |sign_div_unsign_nlh:divider| ; 61 (0)              ; 0 (0)                     ; 0                 ; 0          ; 0    ; 0            ; |activity_4|lpm_divide:Div0|lpm_divide_hbm:auto_generated|sign_div_unsign_nlh:divider                       ; sign_div_unsign_nlh ; work         ;
;             |alt_u_div_kve:divider|    ; 61 (61)             ; 0 (0)                     ; 0                 ; 0          ; 0    ; 0            ; |activity_4|lpm_divide:Div0|lpm_divide_hbm:auto_generated|sign_div_unsign_nlh:divider|alt_u_div_kve:divider ; alt_u_div_kve       ; work         ;
;    |lpm_divide:Div1|                   ; 69 (0)              ; 0 (0)                     ; 0                 ; 0          ; 0    ; 0            ; |activity_4|lpm_divide:Div1                                                                                 ; lpm_divide          ; work         ;
;       |lpm_divide_ebm:auto_generated|  ; 69 (0)              ; 0 (0)                     ; 0                 ; 0          ; 0    ; 0            ; |activity_4|lpm_divide:Div1|lpm_divide_ebm:auto_generated                                                   ; lpm_divide_ebm      ; work         ;
;          |sign_div_unsign_klh:divider| ; 69 (0)              ; 0 (0)                     ; 0                 ; 0          ; 0    ; 0            ; |activity_4|lpm_divide:Div1|lpm_divide_ebm:auto_generated|sign_div_unsign_klh:divider                       ; sign_div_unsign_klh ; work         ;
;             |alt_u_div_eve:divider|    ; 69 (69)             ; 0 (0)                     ; 0                 ; 0          ; 0    ; 0            ; |activity_4|lpm_divide:Div1|lpm_divide_ebm:auto_generated|sign_div_unsign_klh:divider|alt_u_div_eve:divider ; alt_u_div_eve       ; work         ;
;    |lpm_divide:Mod0|                   ; 103 (0)             ; 0 (0)                     ; 0                 ; 0          ; 0    ; 0            ; |activity_4|lpm_divide:Mod0                                                                                 ; lpm_divide          ; work         ;
;       |lpm_divide_u4m:auto_generated|  ; 103 (0)             ; 0 (0)                     ; 0                 ; 0          ; 0    ; 0            ; |activity_4|lpm_divide:Mod0|lpm_divide_u4m:auto_generated                                                   ; lpm_divide_u4m      ; work         ;
;          |sign_div_unsign_1nh:divider| ; 103 (0)             ; 0 (0)                     ; 0                 ; 0          ; 0    ; 0            ; |activity_4|lpm_divide:Mod0|lpm_divide_u4m:auto_generated|sign_div_unsign_1nh:divider                       ; sign_div_unsign_1nh ; work         ;
;             |alt_u_div_82f:divider|    ; 103 (103)           ; 0 (0)                     ; 0                 ; 0          ; 0    ; 0            ; |activity_4|lpm_divide:Mod0|lpm_divide_u4m:auto_generated|sign_div_unsign_1nh:divider|alt_u_div_82f:divider ; alt_u_div_82f       ; work         ;
;    |lpm_divide:Mod1|                   ; 112 (0)             ; 0 (0)                     ; 0                 ; 0          ; 0    ; 0            ; |activity_4|lpm_divide:Mod1                                                                                 ; lpm_divide          ; work         ;
;       |lpm_divide_u4m:auto_generated|  ; 112 (0)             ; 0 (0)                     ; 0                 ; 0          ; 0    ; 0            ; |activity_4|lpm_divide:Mod1|lpm_divide_u4m:auto_generated                                                   ; lpm_divide_u4m      ; work         ;
;          |sign_div_unsign_1nh:divider| ; 112 (0)             ; 0 (0)                     ; 0                 ; 0          ; 0    ; 0            ; |activity_4|lpm_divide:Mod1|lpm_divide_u4m:auto_generated|sign_div_unsign_1nh:divider                       ; sign_div_unsign_1nh ; work         ;
;             |alt_u_div_82f:divider|    ; 112 (112)           ; 0 (0)                     ; 0                 ; 0          ; 0    ; 0            ; |activity_4|lpm_divide:Mod1|lpm_divide_u4m:auto_generated|sign_div_unsign_1nh:divider|alt_u_div_82f:divider ; alt_u_div_82f       ; work         ;
+----------------------------------------+---------------------+---------------------------+-------------------+------------+------+--------------+-------------------------------------------------------------------------------------------------------------+---------------------+--------------+
Note: For table entries with two numbers listed, the numbers in parentheses indicate the number of resources of the given type used by the specific entity alone. The numbers listed outside of parentheses indicate the total resources of the given type used by the specific entity and all of its sub-entities in the hierarchy.


+------------------------------------------------------+
; General Register Statistics                          ;
+----------------------------------------------+-------+
; Statistic                                    ; Value ;
+----------------------------------------------+-------+
; Total registers                              ; 0     ;
; Number of registers using Synchronous Clear  ; 0     ;
; Number of registers using Synchronous Load   ; 0     ;
; Number of registers using Asynchronous Clear ; 0     ;
; Number of registers using Asynchronous Load  ; 0     ;
; Number of registers using Clock Enable       ; 0     ;
; Number of registers using Preset             ; 0     ;
+----------------------------------------------+-------+


+------------------------------------------------------------------+
; Parameter Settings for Inferred Entity Instance: lpm_divide:Mod0 ;
+------------------------+----------------+------------------------+
; Parameter Name         ; Value          ; Type                   ;
+------------------------+----------------+------------------------+
; LPM_WIDTHN             ; 10             ; Untyped                ;
; LPM_WIDTHD             ; 10             ; Untyped                ;
; LPM_NREPRESENTATION    ; UNSIGNED       ; Untyped                ;
; LPM_DREPRESENTATION    ; UNSIGNED       ; Untyped                ;
; LPM_PIPELINE           ; 0              ; Untyped                ;
; LPM_REMAINDERPOSITIVE  ; TRUE           ; Untyped                ;
; MAXIMIZE_SPEED         ; 5              ; Untyped                ;
; CBXI_PARAMETER         ; lpm_divide_u4m ; Untyped                ;
; CARRY_CHAIN            ; MANUAL         ; Untyped                ;
; OPTIMIZE_FOR_SPEED     ; 5              ; Untyped                ;
; AUTO_CARRY_CHAINS      ; ON             ; AUTO_CARRY             ;
; IGNORE_CARRY_BUFFERS   ; OFF            ; IGNORE_CARRY           ;
; AUTO_CASCADE_CHAINS    ; ON             ; AUTO_CASCADE           ;
; IGNORE_CASCADE_BUFFERS ; OFF            ; IGNORE_CASCADE         ;
+------------------------+----------------+------------------------+
Note: In order to hide this table in the UI and the text report file, please set the "Show Parameter Settings in Synthesis Report" option in "Analysis and Synthesis Settings -> More Settings" to "Off".


+------------------------------------------------------------------+
; Parameter Settings for Inferred Entity Instance: lpm_divide:Mod1 ;
+------------------------+----------------+------------------------+
; Parameter Name         ; Value          ; Type                   ;
+------------------------+----------------+------------------------+
; LPM_WIDTHN             ; 10             ; Untyped                ;
; LPM_WIDTHD             ; 10             ; Untyped                ;
; LPM_NREPRESENTATION    ; UNSIGNED       ; Untyped                ;
; LPM_DREPRESENTATION    ; UNSIGNED       ; Untyped                ;
; LPM_PIPELINE           ; 0              ; Untyped                ;
; LPM_REMAINDERPOSITIVE  ; TRUE           ; Untyped                ;
; MAXIMIZE_SPEED         ; 5              ; Untyped                ;
; CBXI_PARAMETER         ; lpm_divide_u4m ; Untyped                ;
; CARRY_CHAIN            ; MANUAL         ; Untyped                ;
; OPTIMIZE_FOR_SPEED     ; 5              ; Untyped                ;
; AUTO_CARRY_CHAINS      ; ON             ; AUTO_CARRY             ;
; IGNORE_CARRY_BUFFERS   ; OFF            ; IGNORE_CARRY           ;
; AUTO_CASCADE_CHAINS    ; ON             ; AUTO_CASCADE           ;
; IGNORE_CASCADE_BUFFERS ; OFF            ; IGNORE_CASCADE         ;
+------------------------+----------------+------------------------+
Note: In order to hide this table in the UI and the text report file, please set the "Show Parameter Settings in Synthesis Report" option in "Analysis and Synthesis Settings -> More Settings" to "Off".


+------------------------------------------------------------------+
; Parameter Settings for Inferred Entity Instance: lpm_divide:Div1 ;
+------------------------+----------------+------------------------+
; Parameter Name         ; Value          ; Type                   ;
+------------------------+----------------+------------------------+
; LPM_WIDTHN             ; 10             ; Untyped                ;
; LPM_WIDTHD             ; 4              ; Untyped                ;
; LPM_NREPRESENTATION    ; UNSIGNED       ; Untyped                ;
; LPM_DREPRESENTATION    ; UNSIGNED       ; Untyped                ;
; LPM_PIPELINE           ; 0              ; Untyped                ;
; LPM_REMAINDERPOSITIVE  ; TRUE           ; Untyped                ;
; MAXIMIZE_SPEED         ; 5              ; Untyped                ;
; CBXI_PARAMETER         ; lpm_divide_ebm ; Untyped                ;
; CARRY_CHAIN            ; MANUAL         ; Untyped                ;
; OPTIMIZE_FOR_SPEED     ; 5              ; Untyped                ;
; AUTO_CARRY_CHAINS      ; ON             ; AUTO_CARRY             ;
; IGNORE_CARRY_BUFFERS   ; OFF            ; IGNORE_CARRY           ;
; AUTO_CASCADE_CHAINS    ; ON             ; AUTO_CASCADE           ;
; IGNORE_CASCADE_BUFFERS ; OFF            ; IGNORE_CASCADE         ;
+------------------------+----------------+------------------------+
Note: In order to hide this table in the UI and the text report file, please set the "Show Parameter Settings in Synthesis Report" option in "Analysis and Synthesis Settings -> More Settings" to "Off".


+------------------------------------------------------------------+
; Parameter Settings for Inferred Entity Instance: lpm_divide:Div0 ;
+------------------------+----------------+------------------------+
; Parameter Name         ; Value          ; Type                   ;
+------------------------+----------------+------------------------+
; LPM_WIDTHN             ; 10             ; Untyped                ;
; LPM_WIDTHD             ; 7              ; Untyped                ;
; LPM_NREPRESENTATION    ; UNSIGNED       ; Untyped                ;
; LPM_DREPRESENTATION    ; UNSIGNED       ; Untyped                ;
; LPM_PIPELINE           ; 0              ; Untyped                ;
; LPM_REMAINDERPOSITIVE  ; TRUE           ; Untyped                ;
; MAXIMIZE_SPEED         ; 5              ; Untyped                ;
; CBXI_PARAMETER         ; lpm_divide_hbm ; Untyped                ;
; CARRY_CHAIN            ; MANUAL         ; Untyped                ;
; OPTIMIZE_FOR_SPEED     ; 5              ; Untyped                ;
; AUTO_CARRY_CHAINS      ; ON             ; AUTO_CARRY             ;
; IGNORE_CARRY_BUFFERS   ; OFF            ; IGNORE_CARRY           ;
; AUTO_CASCADE_CHAINS    ; ON             ; AUTO_CASCADE           ;
; IGNORE_CASCADE_BUFFERS ; OFF            ; IGNORE_CASCADE         ;
+------------------------+----------------+------------------------+
Note: In order to hide this table in the UI and the text report file, please set the "Show Parameter Settings in Synthesis Report" option in "Analysis and Synthesis Settings -> More Settings" to "Off".


+-----------------------------------------------------+
; Post-Synthesis Netlist Statistics for Top Partition ;
+-----------------------+-----------------------------+
; Type                  ; Count                       ;
+-----------------------+-----------------------------+
; arriav_lcell_comb     ; 387                         ;
;     arith             ; 202                         ;
;         0 data inputs ; 44                          ;
;         1 data inputs ; 14                          ;
;         2 data inputs ; 8                           ;
;         3 data inputs ; 72                          ;
;         4 data inputs ; 64                          ;
;     normal            ; 185                         ;
;         0 data inputs ; 1                           ;
;         1 data inputs ; 4                           ;
;         2 data inputs ; 82                          ;
;         3 data inputs ; 44                          ;
;         4 data inputs ; 47                          ;
;         5 data inputs ; 6                           ;
;         6 data inputs ; 1                           ;
; boundary_port         ; 38                          ;
;                       ;                             ;
; Max LUT depth         ; 24.60                       ;
; Average LUT depth     ; 20.01                       ;
+-----------------------+-----------------------------+


+-------------------------------+
; Elapsed Time Per Partition    ;
+----------------+--------------+
; Partition Name ; Elapsed Time ;
+----------------+--------------+
; Top            ; 00:00:01     ;
+----------------+--------------+


+-------------------------------+
; Analysis & Synthesis Messages ;
+-------------------------------+
Info: *******************************************************************
Info: Running Quartus Prime Analysis & Synthesis
    Info: Version 25.1std.0 Build 1129 10/21/2025 SC Lite Edition
    Info: Processing started: Thu Jan  8 17:19:19 2026
Info: Command: quartus_map --read_settings_files=on --write_settings_files=off fpga_beginner_activity_4 -c fpga_beginner_activity_4
Info (125069): Default assignment values were changed in the current version of the Quartus Prime software -- changes to default assignments values are contained in file c:/altera_lite/25.1std/quartus/bin64/assignment_defaults.qdf
Warning (18236): Number of processors has not been specified which may cause overloading on shared machines.  Set the global assignment NUM_PARALLEL_PROCESSORS in your QSF to an appropriate value for best performance.
Info (20030): Parallel compilation is enabled and will use 14 of the 14 processors detected
Info (12021): Found 1 design units, including 1 entities, in source file baseline_c5gx.v
    Info (12023): Found entity 1: baseline_c5gx File: C:/Users/bluef/Desktop/MCUFPGAWRKSP/W26-FPGA-MCU-Workshop/fpga/Introductory Workshop/FPGA Intro Activity 4/baseline_c5gx.v Line: 38
Info (12021): Found 2 design units, including 1 entities, in source file activity_4.vhd
    Info (12022): Found design unit 1: activity_4-Behavioral File: C:/Users/bluef/Desktop/MCUFPGAWRKSP/W26-FPGA-MCU-Workshop/fpga/Introductory Workshop/FPGA Intro Activity 4/activity_4.vhd Line: 20
    Info (12023): Found entity 1: activity_4 File: C:/Users/bluef/Desktop/MCUFPGAWRKSP/W26-FPGA-MCU-Workshop/fpga/Introductory Workshop/FPGA Intro Activity 4/activity_4.vhd Line: 10
Info (12127): Elaborating entity "activity_4" for the top level hierarchy
Info (278001): Inferred 4 megafunctions from design logic
    Info (278004): Inferred divider/modulo megafunction ("lpm_divide") from the following logic: "Mod0" File: C:/Users/bluef/Desktop/MCUFPGAWRKSP/W26-FPGA-MCU-Workshop/fpga/Introductory Workshop/FPGA Intro Activity 4/activity_4.vhd Line: 85
    Info (278004): Inferred divider/modulo megafunction ("lpm_divide") from the following logic: "Mod1" File: C:/Users/bluef/Desktop/MCUFPGAWRKSP/W26-FPGA-MCU-Workshop/fpga/Introductory Workshop/FPGA Intro Activity 4/activity_4.vhd Line: 87
    Info (278004): Inferred divider/modulo megafunction ("lpm_divide") from the following logic: "Div1" File: C:/Users/bluef/Desktop/MCUFPGAWRKSP/W26-FPGA-MCU-Workshop/fpga/Introductory Workshop/FPGA Intro Activity 4/activity_4.vhd Line: 86
    Info (278004): Inferred divider/modulo megafunction ("lpm_divide") from the following logic: "Div0" File: C:/Users/bluef/Desktop/MCUFPGAWRKSP/W26-FPGA-MCU-Workshop/fpga/Introductory Workshop/FPGA Intro Activity 4/activity_4.vhd Line: 84
Info (12130): Elaborated megafunction instantiation "lpm_divide:Mod0" File: C:/Users/bluef/Desktop/MCUFPGAWRKSP/W26-FPGA-MCU-Workshop/fpga/Introductory Workshop/FPGA Intro Activity 4/activity_4.vhd Line: 85
Info (12133): Instantiated megafunction "lpm_divide:Mod0" with the following parameter: File: C:/Users/bluef/Desktop/MCUFPGAWRKSP/W26-FPGA-MCU-Workshop/fpga/Introductory Workshop/FPGA Intro Activity 4/activity_4.vhd Line: 85
    Info (12134): Parameter "LPM_WIDTHN" = "10"
    Info (12134): Parameter "LPM_WIDTHD" = "10"
    Info (12134): Parameter "LPM_NREPRESENTATION" = "UNSIGNED"
    Info (12134): Parameter "LPM_DREPRESENTATION" = "UNSIGNED"
Info (12021): Found 1 design units, including 1 entities, in source file db/lpm_divide_u4m.tdf
    Info (12023): Found entity 1: lpm_divide_u4m File: C:/Users/bluef/Desktop/MCUFPGAWRKSP/W26-FPGA-MCU-Workshop/fpga/Introductory Workshop/FPGA Intro Activity 4/db/lpm_divide_u4m.tdf Line: 25
Info (12021): Found 1 design units, including 1 entities, in source file db/sign_div_unsign_1nh.tdf
    Info (12023): Found entity 1: sign_div_unsign_1nh File: C:/Users/bluef/Desktop/MCUFPGAWRKSP/W26-FPGA-MCU-Workshop/fpga/Introductory Workshop/FPGA Intro Activity 4/db/sign_div_unsign_1nh.tdf Line: 25
Info (12021): Found 1 design units, including 1 entities, in source file db/alt_u_div_82f.tdf
    Info (12023): Found entity 1: alt_u_div_82f File: C:/Users/bluef/Desktop/MCUFPGAWRKSP/W26-FPGA-MCU-Workshop/fpga/Introductory Workshop/FPGA Intro Activity 4/db/alt_u_div_82f.tdf Line: 23
Info (12130): Elaborated megafunction instantiation "lpm_divide:Mod1" File: C:/Users/bluef/Desktop/MCUFPGAWRKSP/W26-FPGA-MCU-Workshop/fpga/Introductory Workshop/FPGA Intro Activity 4/activity_4.vhd Line: 87
Info (12133): Instantiated megafunction "lpm_divide:Mod1" with the following parameter: File: C:/Users/bluef/Desktop/MCUFPGAWRKSP/W26-FPGA-MCU-Workshop/fpga/Introductory Workshop/FPGA Intro Activity 4/activity_4.vhd Line: 87
    Info (12134): Parameter "LPM_WIDTHN" = "10"
    Info (12134): Parameter "LPM_WIDTHD" = "10"
    Info (12134): Parameter "LPM_NREPRESENTATION" = "UNSIGNED"
    Info (12134): Parameter "LPM_DREPRESENTATION" = "UNSIGNED"
Info (12130): Elaborated megafunction instantiation "lpm_divide:Div1" File: C:/Users/bluef/Desktop/MCUFPGAWRKSP/W26-FPGA-MCU-Workshop/fpga/Introductory Workshop/FPGA Intro Activity 4/activity_4.vhd Line: 86
Info (12133): Instantiated megafunction "lpm_divide:Div1" with the following parameter: File: C:/Users/bluef/Desktop/MCUFPGAWRKSP/W26-FPGA-MCU-Workshop/fpga/Introductory Workshop/FPGA Intro Activity 4/activity_4.vhd Line: 86
    Info (12134): Parameter "LPM_WIDTHN" = "10"
    Info (12134): Parameter "LPM_WIDTHD" = "4"
    Info (12134): Parameter "LPM_NREPRESENTATION" = "UNSIGNED"
    Info (12134): Parameter "LPM_DREPRESENTATION" = "UNSIGNED"
Info (12021): Found 1 design units, including 1 entities, in source file db/lpm_divide_ebm.tdf
    Info (12023): Found entity 1: lpm_divide_ebm File: C:/Users/bluef/Desktop/MCUFPGAWRKSP/W26-FPGA-MCU-Workshop/fpga/Introductory Workshop/FPGA Intro Activity 4/db/lpm_divide_ebm.tdf Line: 25
Info (12021): Found 1 design units, including 1 entities, in source file db/sign_div_unsign_klh.tdf
    Info (12023): Found entity 1: sign_div_unsign_klh File: C:/Users/bluef/Desktop/MCUFPGAWRKSP/W26-FPGA-MCU-Workshop/fpga/Introductory Workshop/FPGA Intro Activity 4/db/sign_div_unsign_klh.tdf Line: 25
Info (12021): Found 1 design units, including 1 entities, in source file db/alt_u_div_eve.tdf
    Info (12023): Found entity 1: alt_u_div_eve File: C:/Users/bluef/Desktop/MCUFPGAWRKSP/W26-FPGA-MCU-Workshop/fpga/Introductory Workshop/FPGA Intro Activity 4/db/alt_u_div_eve.tdf Line: 23
Info (12130): Elaborated megafunction instantiation "lpm_divide:Div0" File: C:/Users/bluef/Desktop/MCUFPGAWRKSP/W26-FPGA-MCU-Workshop/fpga/Introductory Workshop/FPGA Intro Activity 4/activity_4.vhd Line: 84
Info (12133): Instantiated megafunction "lpm_divide:Div0" with the following parameter: File: C:/Users/bluef/Desktop/MCUFPGAWRKSP/W26-FPGA-MCU-Workshop/fpga/Introductory Workshop/FPGA Intro Activity 4/activity_4.vhd Line: 84
    Info (12134): Parameter "LPM_WIDTHN" = "10"
    Info (12134): Parameter "LPM_WIDTHD" = "7"
    Info (12134): Parameter "LPM_NREPRESENTATION" = "UNSIGNED"
    Info (12134): Parameter "LPM_DREPRESENTATION" = "UNSIGNED"
Info (12021): Found 1 design units, including 1 entities, in source file db/lpm_divide_hbm.tdf
    Info (12023): Found entity 1: lpm_divide_hbm File: C:/Users/bluef/Desktop/MCUFPGAWRKSP/W26-FPGA-MCU-Workshop/fpga/Introductory Workshop/FPGA Intro Activity 4/db/lpm_divide_hbm.tdf Line: 25
Info (12021): Found 1 design units, including 1 entities, in source file db/sign_div_unsign_nlh.tdf
    Info (12023): Found entity 1: sign_div_unsign_nlh File: C:/Users/bluef/Desktop/MCUFPGAWRKSP/W26-FPGA-MCU-Workshop/fpga/Introductory Workshop/FPGA Intro Activity 4/db/sign_div_unsign_nlh.tdf Line: 25
Info (12021): Found 1 design units, including 1 entities, in source file db/alt_u_div_kve.tdf
    Info (12023): Found entity 1: alt_u_div_kve File: C:/Users/bluef/Desktop/MCUFPGAWRKSP/W26-FPGA-MCU-Workshop/fpga/Introductory Workshop/FPGA Intro Activity 4/db/alt_u_div_kve.tdf Line: 23
Warning (13024): Output pins are stuck at VCC or GND
    Warning (13410): Pin "HEX3[0]" is stuck at VCC File: C:/Users/bluef/Desktop/MCUFPGAWRKSP/W26-FPGA-MCU-Workshop/fpga/Introductory Workshop/FPGA Intro Activity 4/activity_4.vhd Line: 16
    Warning (13410): Pin "HEX3[1]" is stuck at VCC File: C:/Users/bluef/Desktop/MCUFPGAWRKSP/W26-FPGA-MCU-Workshop/fpga/Introductory Workshop/FPGA Intro Activity 4/activity_4.vhd Line: 16
    Warning (13410): Pin "HEX3[2]" is stuck at VCC File: C:/Users/bluef/Desktop/MCUFPGAWRKSP/W26-FPGA-MCU-Workshop/fpga/Introductory Workshop/FPGA Intro Activity 4/activity_4.vhd Line: 16
    Warning (13410): Pin "HEX3[3]" is stuck at VCC File: C:/Users/bluef/Desktop/MCUFPGAWRKSP/W26-FPGA-MCU-Workshop/fpga/Introductory Workshop/FPGA Intro Activity 4/activity_4.vhd Line: 16
    Warning (13410): Pin "HEX3[4]" is stuck at VCC File: C:/Users/bluef/Desktop/MCUFPGAWRKSP/W26-FPGA-MCU-Workshop/fpga/Introductory Workshop/FPGA Intro Activity 4/activity_4.vhd Line: 16
    Warning (13410): Pin "HEX3[5]" is stuck at VCC File: C:/Users/bluef/Desktop/MCUFPGAWRKSP/W26-FPGA-MCU-Workshop/fpga/Introductory Workshop/FPGA Intro Activity 4/activity_4.vhd Line: 16
Info (286030): Timing-Driven Synthesis is running
Info (16010): Generating hard_block partition "hard_block:auto_generated_inst"
    Info (16011): Adding 0 node(s), including 0 DDIO, 0 PLL, 0 transceiver and 0 LCELL
Info (21057): Implemented 420 device resources after synthesis - the final resource count might be different
    Info (21058): Implemented 10 input pins
    Info (21059): Implemented 28 output pins
    Info (21061): Implemented 382 logic cells
Info: Quartus Prime Analysis & Synthesis was successful. 0 errors, 8 warnings
    Info: Peak virtual memory: 4947 megabytes
    Info: Processing ended: Thu Jan  8 17:19:29 2026
    Info: Elapsed time: 00:00:10
    Info: Total CPU time (on all processors): 00:00:20


